<?xml version="1.0" encoding="UTF-8"?>
<!-- Generated by org.testng.reporters.JUnitReportReporter -->
<testsuite skipped="0" hostname="DESKTOP-U41UAQK" name="com.mystore.testcases.LoginPageTest" tests="1" failures="0" timestamp="2022-07-18T17:03:28 IST" time="19.744" errors="0">
  <testcase name="loginTest" time="19.744" classname="com.mystore.testcases.LoginPageTest"/>
  <system-out/>
</testsuite> <!-- com.mystore.testcases.LoginPageTest -->
