<?xml version="1.0" encoding="UTF-8"?>
<!-- Generated by org.testng.reporters.JUnitReportReporter -->
<testsuite skipped="0" hostname="DESKTOP-U41UAQK" name="com.mystore.testcases.EndToEndTest" tests="1" failures="0" timestamp="2022-07-15T17:19:58 IST" time="44.328" errors="0">
  <testcase name="endToEndTest" time="44.328" classname="com.mystore.testcases.EndToEndTest"/>
  <system-out/>
</testsuite> <!-- com.mystore.testcases.EndToEndTest -->
