<?xml version="1.0" encoding="UTF-8"?>
<!-- Generated by org.testng.reporters.JUnitReportReporter -->
<testsuite skipped="0" hostname="DESKTOP-U41UAQK" name="com.mystore.testcases.IndexPageTest" tests="2" failures="0" timestamp="2022-07-15T17:19:58 IST" time="26.933" errors="0">
  <testcase name="verifyTitle" time="7.392" classname="com.mystore.testcases.IndexPageTest"/>
  <system-out/>
  <testcase name="verifyLogo" time="19.541" classname="com.mystore.testcases.IndexPageTest"/>
  <system-out/>
</testsuite> <!-- com.mystore.testcases.IndexPageTest -->
