<?xml version="1.0" encoding="UTF-8"?>
<!-- Generated by org.testng.reporters.JUnitReportReporter -->
<testsuite skipped="0" hostname="DESKTOP-U41UAQK" name="com.mystore.testcases.SearchResultPageTest" tests="1" failures="0" timestamp="2022-07-15T17:19:58 IST" time="11.885" errors="0">
  <testcase name="productAvailabilityTest" time="11.885" classname="com.mystore.testcases.SearchResultPageTest"/>
  <system-out/>
</testsuite> <!-- com.mystore.testcases.SearchResultPageTest -->
