<?xml version="1.0" encoding="UTF-8"?>
<!-- Generated by org.testng.reporters.JUnitReportReporter -->
<testsuite skipped="0" hostname="DESKTOP-U41UAQK" name="com.mystore.testcases.AddToCartPageTest" tests="1" failures="0" timestamp="2022-07-15T17:19:58 IST" time="38.080" errors="0">
  <testcase name="addToCartTest" time="38.080" classname="com.mystore.testcases.AddToCartPageTest"/>
  <system-out/>
</testsuite> <!-- com.mystore.testcases.AddToCartPageTest -->
