<?xml version="1.0" encoding="UTF-8"?>
<!-- Generated by org.testng.reporters.JUnitReportReporter -->
<testsuite skipped="0" hostname="DESKTOP-U41UAQK" name="com.mystore.testcases.AccountCreationPageTest" tests="1" failures="0" timestamp="2022-07-18T17:14:32 IST" time="16.073" errors="0">
  <testcase name="verifyCreateAccountPageTest" time="16.073" classname="com.mystore.testcases.AccountCreationPageTest"/>
  <system-out/>
</testsuite> <!-- com.mystore.testcases.AccountCreationPageTest -->
