<?xml version="1.0" encoding="UTF-8"?>
<!-- Generated by org.testng.reporters.JUnitReportReporter -->
<testsuite skipped="0" hostname="DESKTOP-U41UAQK" name="com.mystore.testcases.HomePageTest" tests="2" failures="0" timestamp="2022-07-18T16:27:22 IST" time="45.533" errors="0">
  <testcase name="orderHistoryandDetailsTest" time="21.683" classname="com.mystore.testcases.HomePageTest"/>
  <system-out/>
  <testcase name="wishListTest" time="23.850" classname="com.mystore.testcases.HomePageTest"/>
  <system-out/>
</testsuite> <!-- com.mystore.testcases.HomePageTest -->
